<?xml version="1.0" encoding="UTF-8"?>
<!-- Generated by org.testng.reporters.JUnitReportReporter -->
<testsuite hostname="LAPTOP-BRF3MDB0" failures="0" tests="1" name="voiceraproject.TestNgProject" time="98.413" errors="0" timestamp="4 May 2022 08:15:02 GMT">
  <testcase classname="voiceraproject.TestNgProject" name="test" time="98.413"/>
</testsuite> <!-- voiceraproject.TestNgProject -->
