<?xml version="1.0" encoding="UTF-8"?>
<!-- Generated by org.testng.reporters.JUnitReportReporter -->
<testsuite hostname="LAPTOP-BRF3MDB0" failures="0" tests="1" name="voiceraproject.TestNgProject" time="94.536" errors="0" timestamp="6 May 2022 06:21:07 GMT">
  <testcase classname="voiceraproject.TestNgProject" name="test" time="94.536"/>
</testsuite> <!-- voiceraproject.TestNgProject -->
